stdio    D         file_stdio.c:110  file_stdio_fopen                 [   0,00000] opening C:\Users\aline\Documents\Visual Studio 2019\MathChef3.0\Debug\allegro5.cfg r
system   D            wsystem.c:819  maybe_parent_dir                 [   0,00000] Also searching C:\Users\aline\Documents\Visual Studio 2019\MathChef3.0\
system   D            wsystem.c:874  _al_win_safe_load_library        [   0,00000] PathFindOnPath found: C:\Windows\system32\shcore.dll
system   D            wsystem.c:780  load_library_at_path             [   0,00000] Calling LoadLibrary C:\Windows\system32\shcore.dll
system   I            wsystem.c:783  load_library_at_path             [   0,00000] Loaded C:\Windows\system32\shcore.dll
system   I             system.c:271  al_install_system                [   0,00000] Allegro version: 5.2.7
system   D            wsystem.c:819  maybe_parent_dir                 [   0,00142] Also searching C:\Users\aline\Documents\Visual Studio 2019\MathChef3.0\
system   D            wsystem.c:874  _al_win_safe_load_library        [   0,00187] PathFindOnPath found: C:\Windows\system32\d3d9.dll
system   D            wsystem.c:780  load_library_at_path             [   0,00202] Calling LoadLibrary C:\Windows\system32\d3d9.dll
system   I            wsystem.c:783  load_library_at_path             [   0,01529] Loaded C:\Windows\system32\d3d9.dll
d3d      I         d3d_disp.cpp:684  d3d_init_display                 [   0,07435] Render-to-texture: 1
d3d      I         d3d_disp.cpp:1782 d3d_create_display_locked        [   0,07529] faux_fullscreen=0
d3d      D         d3d_disp.cpp:1783 d3d_create_display_locked        [   0,07548] al_display=00CF3280
d3d      D         d3d_disp.cpp:1784 d3d_create_display_locked        [   0,07560] al_display->vt=00CEB648
d3d      I d3d_display_formats.cpp:144  _al_d3d_generate_display_format_list [   0,08158] found 64 format combinations
display  D   display_settings.c:212  debug_display_settings           [   0,08175] color: 32 (rgba 8880), depth: 0, stencil: 0, acc: 0000, samples: 0/0
display  D   display_settings.c:527  _al_score_display_settings       [   0,08189] Score is : 897
display  D   display_settings.c:212  debug_display_settings           [   0,08200] color: 32 (rgba 8880), depth: 0, stencil: 0, acc: 0000, samples: 0/0
display  D   display_settings.c:527  _al_score_display_settings       [   0,08212] Score is : 897
display  D   display_settings.c:212  debug_display_settings           [   0,08227] color: 32 (rgba 8880), depth: 24, stencil: 8, acc: 0000, samples: 0/0
display  D   display_settings.c:527  _al_score_display_settings       [   0,08239] Score is : 897
display  D   display_settings.c:212  debug_display_settings           [   0,08250] color: 32 (rgba 8880), depth: 24, stencil: 8, acc: 0000, samples: 0/0
display  D   display_settings.c:527  _al_score_display_settings       [   0,08260] Score is : 897
display  D   display_settings.c:212  debug_display_settings           [   0,08271] color: 32 (rgba 8880), depth: 24, stencil: 0, acc: 0000, samples: 0/0
display  D   display_settings.c:527  _al_score_display_settings       [   0,08282] Score is : 897
display  D   display_settings.c:212  debug_display_settings           [   0,08293] color: 32 (rgba 8880), depth: 24, stencil: 0, acc: 0000, samples: 0/0
display  D   display_settings.c:527  _al_score_display_settings       [   0,08304] Score is : 897
display  D   display_settings.c:212  debug_display_settings           [   0,08317] color: 32 (rgba 8880), depth: 16, stencil: 0, acc: 0000, samples: 0/0
display  D   display_settings.c:527  _al_score_display_settings       [   0,08329] Score is : 897
display  D   display_settings.c:212  debug_display_settings           [   0,08342] color: 32 (rgba 8880), depth: 16, stencil: 0, acc: 0000, samples: 0/0
display  D   display_settings.c:527  _al_score_display_settings       [   0,08353] Score is : 897
display  D   display_settings.c:212  debug_display_settings           [   0,08364] color: 16 (rgba 5650), depth: 0, stencil: 0, acc: 0000, samples: 0/0
display  D   display_settings.c:527  _al_score_display_settings       [   0,08375] Score is : 897
display  D   display_settings.c:212  debug_display_settings           [   0,08390] color: 16 (rgba 5650), depth: 0, stencil: 0, acc: 0000, samples: 0/0
display  D   display_settings.c:527  _al_score_display_settings       [   0,08402] Score is : 897
display  D   display_settings.c:212  debug_display_settings           [   0,08412] color: 16 (rgba 5650), depth: 24, stencil: 8, acc: 0000, samples: 0/0
display  D   display_settings.c:527  _al_score_display_settings       [   0,08423] Score is : 897
display  D   display_settings.c:212  debug_display_settings           [   0,08433] color: 16 (rgba 5650), depth: 24, stencil: 8, acc: 0000, samples: 0/0
display  D   display_settings.c:527  _al_score_display_settings       [   0,08447] Score is : 897
display  D   display_settings.c:212  debug_display_settings           [   0,08459] color: 16 (rgba 5650), depth: 24, stencil: 0, acc: 0000, samples: 0/0
display  D   display_settings.c:527  _al_score_display_settings       [   0,08470] Score is : 897
display  D   display_settings.c:212  debug_display_settings           [   0,08484] color: 16 (rgba 5650), depth: 24, stencil: 0, acc: 0000, samples: 0/0
display  D   display_settings.c:527  _al_score_display_settings       [   0,08496] Score is : 897
display  D   display_settings.c:212  debug_display_settings           [   0,08506] color: 16 (rgba 5650), depth: 16, stencil: 0, acc: 0000, samples: 0/0
display  D   display_settings.c:527  _al_score_display_settings       [   0,08517] Score is : 897
display  D   display_settings.c:212  debug_display_settings           [   0,08527] color: 16 (rgba 5650), depth: 16, stencil: 0, acc: 0000, samples: 0/0
display  D   display_settings.c:527  _al_score_display_settings       [   0,08538] Score is : 897
display  D   display_settings.c:212  debug_display_settings           [   0,08548] color: 32 (rgba 8880), depth: 0, stencil: 0, acc: 0000, samples: 0/0
display  D   display_settings.c:398  _al_score_display_settings       [   0,08559] Single Buffer requirement not met.
display  D   display_settings.c:212  debug_display_settings           [   0,08569] color: 32 (rgba 8880), depth: 0, stencil: 0, acc: 0000, samples: 0/0
display  D   display_settings.c:398  _al_score_display_settings       [   0,08580] Single Buffer requirement not met.
display  D   display_settings.c:212  debug_display_settings           [   0,08590] color: 32 (rgba 8880), depth: 24, stencil: 8, acc: 0000, samples: 0/0
display  D   display_settings.c:398  _al_score_display_settings       [   0,08601] Single Buffer requirement not met.
display  D   display_settings.c:212  debug_display_settings           [   0,08611] color: 32 (rgba 8880), depth: 24, stencil: 8, acc: 0000, samples: 0/0
display  D   display_settings.c:398  _al_score_display_settings       [   0,08621] Single Buffer requirement not met.
display  D   display_settings.c:212  debug_display_settings           [   0,08632] color: 32 (rgba 8880), depth: 24, stencil: 0, acc: 0000, samples: 0/0
display  D   display_settings.c:398  _al_score_display_settings       [   0,08646] Single Buffer requirement not met.
display  D   display_settings.c:212  debug_display_settings           [   0,08670] color: 32 (rgba 8880), depth: 24, stencil: 0, acc: 0000, samples: 0/0
display  D   display_settings.c:398  _al_score_display_settings       [   0,08697] Single Buffer requirement not met.
display  D   display_settings.c:212  debug_display_settings           [   0,08710] color: 32 (rgba 8880), depth: 16, stencil: 0, acc: 0000, samples: 0/0
display  D   display_settings.c:398  _al_score_display_settings       [   0,08721] Single Buffer requirement not met.
display  D   display_settings.c:212  debug_display_settings           [   0,08731] color: 32 (rgba 8880), depth: 16, stencil: 0, acc: 0000, samples: 0/0
display  D   display_settings.c:398  _al_score_display_settings       [   0,08742] Single Buffer requirement not met.
display  D   display_settings.c:212  debug_display_settings           [   0,08753] color: 16 (rgba 5650), depth: 0, stencil: 0, acc: 0000, samples: 0/0
display  D   display_settings.c:398  _al_score_display_settings       [   0,08764] Single Buffer requirement not met.
display  D   display_settings.c:212  debug_display_settings           [   0,08775] color: 16 (rgba 5650), depth: 0, stencil: 0, acc: 0000, samples: 0/0
display  D   display_settings.c:398  _al_score_display_settings       [   0,08785] Single Buffer requirement not met.
display  D   display_settings.c:212  debug_display_settings           [   0,08796] color: 16 (rgba 5650), depth: 24, stencil: 8, acc: 0000, samples: 0/0
display  D   display_settings.c:398  _al_score_display_settings       [   0,08806] Single Buffer requirement not met.
display  D   display_settings.c:212  debug_display_settings           [   0,08817] color: 16 (rgba 5650), depth: 24, stencil: 8, acc: 0000, samples: 0/0
display  D   display_settings.c:398  _al_score_display_settings       [   0,08827] Single Buffer requirement not met.
display  D   display_settings.c:212  debug_display_settings           [   0,08838] color: 16 (rgba 5650), depth: 24, stencil: 0, acc: 0000, samples: 0/0
display  D   display_settings.c:398  _al_score_display_settings       [   0,08848] Single Buffer requirement not met.
display  D   display_settings.c:212  debug_display_settings           [   0,08858] color: 16 (rgba 5650), depth: 24, stencil: 0, acc: 0000, samples: 0/0
display  D   display_settings.c:398  _al_score_display_settings       [   0,08869] Single Buffer requirement not met.
display  D   display_settings.c:212  debug_display_settings           [   0,08880] color: 16 (rgba 5650), depth: 16, stencil: 0, acc: 0000, samples: 0/0
display  D   display_settings.c:398  _al_score_display_settings       [   0,08892] Single Buffer requirement not met.
display  D   display_settings.c:212  debug_display_settings           [   0,08903] color: 16 (rgba 5650), depth: 16, stencil: 0, acc: 0000, samples: 0/0
display  D   display_settings.c:398  _al_score_display_settings       [   0,08916] Single Buffer requirement not met.
display  D   display_settings.c:212  debug_display_settings           [   0,08931] color: 32 (rgba 8880), depth: 0, stencil: 0, acc: 0000, samples: 0/0
display  D   display_settings.c:527  _al_score_display_settings       [   0,08942] Score is : 769
display  D   display_settings.c:212  debug_display_settings           [   0,08955] color: 32 (rgba 8880), depth: 0, stencil: 0, acc: 0000, samples: 0/0
display  D   display_settings.c:527  _al_score_display_settings       [   0,08967] Score is : 769
display  D   display_settings.c:212  debug_display_settings           [   0,08979] color: 32 (rgba 8880), depth: 24, stencil: 8, acc: 0000, samples: 0/0
display  D   display_settings.c:527  _al_score_display_settings       [   0,08991] Score is : 769
display  D   display_settings.c:212  debug_display_settings           [   0,09003] color: 32 (rgba 8880), depth: 24, stencil: 8, acc: 0000, samples: 0/0
display  D   display_settings.c:527  _al_score_display_settings       [   0,09015] Score is : 769
display  D   display_settings.c:212  debug_display_settings           [   0,09025] color: 32 (rgba 8880), depth: 24, stencil: 0, acc: 0000, samples: 0/0
display  D   display_settings.c:527  _al_score_display_settings       [   0,09036] Score is : 769
display  D   display_settings.c:212  debug_display_settings           [   0,09046] color: 32 (rgba 8880), depth: 24, stencil: 0, acc: 0000, samples: 0/0
display  D   display_settings.c:527  _al_score_display_settings       [   0,09057] Score is : 769
display  D   display_settings.c:212  debug_display_settings           [   0,09068] color: 32 (rgba 8880), depth: 16, stencil: 0, acc: 0000, samples: 0/0
display  D   display_settings.c:527  _al_score_display_settings       [   0,09084] Score is : 769
display  D   display_settings.c:212  debug_display_settings           [   0,09096] color: 32 (rgba 8880), depth: 16, stencil: 0, acc: 0000, samples: 0/0
display  D   display_settings.c:527  _al_score_display_settings       [   0,09108] Score is : 769
display  D   display_settings.c:212  debug_display_settings           [   0,09120] color: 16 (rgba 5650), depth: 0, stencil: 0, acc: 0000, samples: 0/0
display  D   display_settings.c:527  _al_score_display_settings       [   0,09140] Score is : 769
display  D   display_settings.c:212  debug_display_settings           [   0,09151] color: 16 (rgba 5650), depth: 0, stencil: 0, acc: 0000, samples: 0/0
display  D   display_settings.c:527  _al_score_display_settings       [   0,09163] Score is : 769
display  D   display_settings.c:212  debug_display_settings           [   0,09177] color: 16 (rgba 5650), depth: 24, stencil: 8, acc: 0000, samples: 0/0
display  D   display_settings.c:527  _al_score_display_settings       [   0,09189] Score is : 769
display  D   display_settings.c:212  debug_display_settings           [   0,09201] color: 16 (rgba 5650), depth: 24, stencil: 8, acc: 0000, samples: 0/0
display  D   display_settings.c:527  _al_score_display_settings       [   0,09215] Score is : 769
display  D   display_settings.c:212  debug_display_settings           [   0,09226] color: 16 (rgba 5650), depth: 24, stencil: 0, acc: 0000, samples: 0/0
display  D   display_settings.c:527  _al_score_display_settings       [   0,09245] Score is : 769
display  D   display_settings.c:212  debug_display_settings           [   0,09261] color: 16 (rgba 5650), depth: 24, stencil: 0, acc: 0000, samples: 0/0
display  D   display_settings.c:527  _al_score_display_settings       [   0,09275] Score is : 769
display  D   display_settings.c:212  debug_display_settings           [   0,09286] color: 16 (rgba 5650), depth: 16, stencil: 0, acc: 0000, samples: 0/0
display  D   display_settings.c:527  _al_score_display_settings       [   0,09299] Score is : 769
display  D   display_settings.c:212  debug_display_settings           [   0,09314] color: 16 (rgba 5650), depth: 16, stencil: 0, acc: 0000, samples: 0/0
display  D   display_settings.c:527  _al_score_display_settings       [   0,09326] Score is : 769
display  D   display_settings.c:212  debug_display_settings           [   0,09337] color: 32 (rgba 8880), depth: 0, stencil: 0, acc: 0000, samples: 0/0
display  D   display_settings.c:398  _al_score_display_settings       [   0,09348] Single Buffer requirement not met.
display  D   display_settings.c:212  debug_display_settings           [   0,09358] color: 32 (rgba 8880), depth: 0, stencil: 0, acc: 0000, samples: 0/0
display  D   display_settings.c:398  _al_score_display_settings       [   0,09370] Single Buffer requirement not met.
display  D   display_settings.c:212  debug_display_settings           [   0,09381] color: 32 (rgba 8880), depth: 24, stencil: 8, acc: 0000, samples: 0/0
display  D   display_settings.c:398  _al_score_display_settings       [   0,09392] Single Buffer requirement not met.
display  D   display_settings.c:212  debug_display_settings           [   0,09402] color: 32 (rgba 8880), depth: 24, stencil: 8, acc: 0000, samples: 0/0
display  D   display_settings.c:398  _al_score_display_settings       [   0,09413] Single Buffer requirement not met.
display  D   display_settings.c:212  debug_display_settings           [   0,09424] color: 32 (rgba 8880), depth: 24, stencil: 0, acc: 0000, samples: 0/0
display  D   display_settings.c:398  _al_score_display_settings       [   0,09435] Single Buffer requirement not met.
display  D   display_settings.c:212  debug_display_settings           [   0,09448] color: 32 (rgba 8880), depth: 24, stencil: 0, acc: 0000, samples: 0/0
display  D   display_settings.c:398  _al_score_display_settings       [   0,09464] Single Buffer requirement not met.
display  D   display_settings.c:212  debug_display_settings           [   0,09476] color: 32 (rgba 8880), depth: 16, stencil: 0, acc: 0000, samples: 0/0
display  D   display_settings.c:398  _al_score_display_settings       [   0,09489] Single Buffer requirement not met.
display  D   display_settings.c:212  debug_display_settings           [   0,09501] color: 32 (rgba 8880), depth: 16, stencil: 0, acc: 0000, samples: 0/0
display  D   display_settings.c:398  _al_score_display_settings       [   0,09518] Single Buffer requirement not met.
display  D   display_settings.c:212  debug_display_settings           [   0,09534] color: 16 (rgba 5650), depth: 0, stencil: 0, acc: 0000, samples: 0/0
display  D   display_settings.c:398  _al_score_display_settings       [   0,09546] Single Buffer requirement not met.
display  D   display_settings.c:212  debug_display_settings           [   0,09557] color: 16 (rgba 5650), depth: 0, stencil: 0, acc: 0000, samples: 0/0
display  D   display_settings.c:398  _al_score_display_settings       [   0,09568] Single Buffer requirement not met.
display  D   display_settings.c:212  debug_display_settings           [   0,09585] color: 16 (rgba 5650), depth: 24, stencil: 8, acc: 0000, samples: 0/0
display  D   display_settings.c:398  _al_score_display_settings       [   0,09597] Single Buffer requirement not met.
display  D   display_settings.c:212  debug_display_settings           [   0,09608] color: 16 (rgba 5650), depth: 24, stencil: 8, acc: 0000, samples: 0/0
display  D   display_settings.c:398  _al_score_display_settings       [   0,09620] Single Buffer requirement not met.
display  D   display_settings.c:212  debug_display_settings           [   0,09631] color: 16 (rgba 5650), depth: 24, stencil: 0, acc: 0000, samples: 0/0
display  D   display_settings.c:398  _al_score_display_settings       [   0,09643] Single Buffer requirement not met.
display  D   display_settings.c:212  debug_display_settings           [   0,09665] color: 16 (rgba 5650), depth: 24, stencil: 0, acc: 0000, samples: 0/0
display  D   display_settings.c:398  _al_score_display_settings       [   0,09700] Single Buffer requirement not met.
display  D   display_settings.c:212  debug_display_settings           [   0,09723] color: 16 (rgba 5650), depth: 16, stencil: 0, acc: 0000, samples: 0/0
display  D   display_settings.c:398  _al_score_display_settings       [   0,09740] Single Buffer requirement not met.
display  D   display_settings.c:212  debug_display_settings           [   0,09756] color: 16 (rgba 5650), depth: 16, stencil: 0, acc: 0000, samples: 0/0
display  D   display_settings.c:398  _al_score_display_settings       [   0,09774] Single Buffer requirement not met.
d3d      D         d3d_disp.cpp:1682 d3d_create_display_internals     [   0,09791] Trying format 0.
d3d      I         d3d_disp.cpp:1358 d3d_display_thread_proc          [   0,09903] Chose a display format: 23
d3d      I         d3d_disp.cpp:1427 d3d_display_thread_proc          [   0,09921] Normal window.
d3d      I         d3d_disp.cpp:791  d3d_create_device                [   0,14587] Using no depth stencil buffer
d3d      D         d3d_disp.cpp:853  d3d_create_device                [   0,18984] BeginScene succeeded in create_device
d3d      D         d3d_disp.cpp:861  d3d_create_device                [   0,19002] Success
d3d      D         d3d_disp.cpp:1705 d3d_create_display_internals     [   0,19016] Resumed after wait.
d3d      I         d3d_disp.cpp:1738 d3d_create_display_internals     [   0,19030] Format 0 succeeded.
d3d      D         d3d_disp.cpp:1769 d3d_create_display_internals     [   0,19044] Returning d3d_display: 00CF3280
d3d      D         d3d_disp.cpp:1794 d3d_create_display_locked        [   0,19058] al_display=00CF3280
d3d      D         d3d_disp.cpp:1795 d3d_create_display_locked        [   0,19069] al_display->vt=00CEB648
system   D            wsystem.c:819  maybe_parent_dir                 [   0,19099] Also searching C:\Users\aline\Documents\Visual Studio 2019\MathChef3.0\
system   W            wsystem.c:879  _al_win_safe_load_library        [   0,19200] PathFindOnPath failed to find d3dx9_43.dll
system   D            wsystem.c:819  maybe_parent_dir                 [   0,19240] Also searching C:\Users\aline\Documents\Visual Studio 2019\MathChef3.0\
system   W            wsystem.c:879  _al_win_safe_load_library        [   0,19479] PathFindOnPath failed to find d3dx9_42.dll
system   D            wsystem.c:819  maybe_parent_dir                 [   0,19510] Also searching C:\Users\aline\Documents\Visual Studio 2019\MathChef3.0\
system   W            wsystem.c:879  _al_win_safe_load_library        [   0,19605] PathFindOnPath failed to find d3dx9_41.dll
system   D            wsystem.c:819  maybe_parent_dir                 [   0,19639] Also searching C:\Users\aline\Documents\Visual Studio 2019\MathChef3.0\
system   W            wsystem.c:879  _al_win_safe_load_library        [   0,19757] PathFindOnPath failed to find d3dx9_40.dll
system   D            wsystem.c:819  maybe_parent_dir                 [   0,19791] Also searching C:\Users\aline\Documents\Visual Studio 2019\MathChef3.0\
system   D            wsystem.c:874  _al_win_safe_load_library        [   0,19826] PathFindOnPath found: C:\Windows\system32\d3dx9_39.dll
system   D            wsystem.c:780  load_library_at_path             [   0,19840] Calling LoadLibrary C:\Windows\system32\d3dx9_39.dll
system   I            wsystem.c:783  load_library_at_path             [   0,20279] Loaded C:\Windows\system32\d3dx9_39.dll
d3dx9    I        d3d_d3dx9.cpp:88   _imp_load_d3dx9_module_version   [   0,20301] Module "d3dx9_39.dll" loaded.
dtor     D               dtor.c:196  _al_register_destructor          [   0,20320] added dtor for queue 00D9EF10, func 7A92170D
dtor     D               dtor.c:196  _al_register_destructor          [   0,20332] added dtor for timer 00D0CD88, func 7A92196F
dtor     D               dtor.c:196  _al_register_destructor          [   0,20344] added dtor for timer 00D0CA28, func 7A92196F
stdio    D         file_stdio.c:110  file_stdio_fopen                 [   0,20355] opening font/font-principal.ttf rb
font     D                ttf.c:943  al_load_ttf_font_stretch_f       [   0,20422] Font font/font-principal.ttf loaded with pixel size 0 x 50.
font     D                ttf.c:945  al_load_ttf_font_stretch_f       [   0,20438]     ascent=43,0, descent=-12,0, height=54,0
dtor     D               dtor.c:196  _al_register_destructor          [   0,20452] added dtor for ttf_font 07AE25C0, func 5C96100F
stdio    D         file_stdio.c:110  file_stdio_fopen                 [   0,20465] opening font/font-principal.ttf rb
font     D                ttf.c:943  al_load_ttf_font_stretch_f       [   0,20525] Font font/font-principal.ttf loaded with pixel size 0 x 25.
font     D                ttf.c:945  al_load_ttf_font_stretch_f       [   0,20540]     ascent=22,0, descent=-6,0, height=27,0
dtor     D               dtor.c:196  _al_register_destructor          [   0,20553] added dtor for ttf_font 07AE2C40, func 5C96100F
stdio    D         file_stdio.c:110  file_stdio_fopen                 [   0,20568] opening font/font-principal.ttf rb
font     D                ttf.c:943  al_load_ttf_font_stretch_f       [   0,20632] Font font/font-principal.ttf loaded with pixel size 0 x 30.
font     D                ttf.c:945  al_load_ttf_font_stretch_f       [   0,20655]     ascent=26,0, descent=-7,0, height=33,0
dtor     D               dtor.c:196  _al_register_destructor          [   0,20735] added dtor for ttf_font 07AE2780, func 5C96100F
stdio    D         file_stdio.c:110  file_stdio_fopen                 [   0,20778] opening font/font-numero.ttf rb
font     D                ttf.c:943  al_load_ttf_font_stretch_f       [   0,20839] Font font/font-numero.ttf loaded with pixel size 0 x 20.
font     D                ttf.c:945  al_load_ttf_font_stretch_f       [   0,20855]     ascent=16,0, descent=-5,0, height=25,0
dtor     D               dtor.c:196  _al_register_destructor          [   0,20870] added dtor for ttf_font 07AE2BC0, func 5C96100F
stdio    D         file_stdio.c:110  file_stdio_fopen                 [   0,20884] opening img/cursor.png rb
stdio    D         file_stdio.c:110  file_stdio_fopen                 [   0,20938] opening img/cursor.png rb
d3d      D         d3d_disp.cpp:1202 real_choose_bitmap_format        [   0,20985] Fake format
d3d      D         d3d_disp.cpp:1202 real_choose_bitmap_format        [   0,21001] Fake format
d3d      D         d3d_disp.cpp:1202 real_choose_bitmap_format        [   0,21014] Fake format
d3d      D         d3d_disp.cpp:1202 real_choose_bitmap_format        [   0,21025] Fake format
d3d      D         d3d_disp.cpp:1202 real_choose_bitmap_format        [   0,21036] Fake format
d3d      D         d3d_disp.cpp:1202 real_choose_bitmap_format        [   0,21050] Fake format
d3d      D         d3d_disp.cpp:1202 real_choose_bitmap_format        [   0,21066] Fake format
d3d      D         d3d_disp.cpp:1202 real_choose_bitmap_format        [   0,21077] Fake format
d3d      D         d3d_disp.cpp:1202 real_choose_bitmap_format        [   0,21087] Fake format
d3d      D         d3d_disp.cpp:1210 real_choose_bitmap_format        [   0,21133] Alpha doesn't match
d3d      D         d3d_disp.cpp:1217 real_choose_bitmap_format        [   0,21145] Adapter format is 23
d3d      D         d3d_disp.cpp:1220 real_choose_bitmap_format        [   0,21157] Found a format
d3d      I         d3d_disp.cpp:2391 d3d_create_bitmap                [   0,21169] Chose bitmap format 9
dtor     D               dtor.c:196  _al_register_destructor          [   0,21216] added dtor for bitmap 07B0C628, func 7A9217D0
stdio    D         file_stdio.c:110  file_stdio_fopen                 [   0,21319] opening img/fim-jogo.png rb
stdio    D         file_stdio.c:110  file_stdio_fopen                 [   0,21414] opening img/fim-jogo.png rb
d3d      D         d3d_disp.cpp:1202 real_choose_bitmap_format        [   0,21469] Fake format
d3d      D         d3d_disp.cpp:1202 real_choose_bitmap_format        [   0,21490] Fake format
d3d      D         d3d_disp.cpp:1202 real_choose_bitmap_format        [   0,21502] Fake format
d3d      D         d3d_disp.cpp:1202 real_choose_bitmap_format        [   0,21513] Fake format
d3d      D         d3d_disp.cpp:1202 real_choose_bitmap_format        [   0,21524] Fake format
d3d      D         d3d_disp.cpp:1202 real_choose_bitmap_format        [   0,21536] Fake format
d3d      D         d3d_disp.cpp:1202 real_choose_bitmap_format        [   0,21546] Fake format
d3d      D         d3d_disp.cpp:1202 real_choose_bitmap_format        [   0,21556] Fake format
d3d      D         d3d_disp.cpp:1202 real_choose_bitmap_format        [   0,21566] Fake format
d3d      D         d3d_disp.cpp:1210 real_choose_bitmap_format        [   0,21577] Alpha doesn't match
d3d      D         d3d_disp.cpp:1217 real_choose_bitmap_format        [   0,21587] Adapter format is 23
d3d      D         d3d_disp.cpp:1220 real_choose_bitmap_format        [   0,21599] Found a format
d3d      I         d3d_disp.cpp:2391 d3d_create_bitmap                [   0,21610] Chose bitmap format 9
dtor     D               dtor.c:196  _al_register_destructor          [   0,21734] added dtor for bitmap 07B15BA0, func 7A9217D0
stdio    D         file_stdio.c:110  file_stdio_fopen                 [   0,22297] opening img/timer.png rb
stdio    D         file_stdio.c:110  file_stdio_fopen                 [   0,22335] opening img/timer.png rb
d3d      D         d3d_disp.cpp:1202 real_choose_bitmap_format        [   0,22364] Fake format
d3d      D         d3d_disp.cpp:1202 real_choose_bitmap_format        [   0,22376] Fake format
d3d      D         d3d_disp.cpp:1202 real_choose_bitmap_format        [   0,22391] Fake format
d3d      D         d3d_disp.cpp:1202 real_choose_bitmap_format        [   0,22404] Fake format
d3d      D         d3d_disp.cpp:1202 real_choose_bitmap_format        [   0,22415] Fake format
d3d      D         d3d_disp.cpp:1202 real_choose_bitmap_format        [   0,22427] Fake format
d3d      D         d3d_disp.cpp:1202 real_choose_bitmap_format        [   0,22438] Fake format
d3d      D         d3d_disp.cpp:1202 real_choose_bitmap_format        [   0,22448] Fake format
d3d      D         d3d_disp.cpp:1202 real_choose_bitmap_format        [   0,22459] Fake format
d3d      D         d3d_disp.cpp:1210 real_choose_bitmap_format        [   0,22470] Alpha doesn't match
d3d      D         d3d_disp.cpp:1217 real_choose_bitmap_format        [   0,22479] Adapter format is 23
d3d      D         d3d_disp.cpp:1220 real_choose_bitmap_format        [   0,22490] Found a format
d3d      I         d3d_disp.cpp:2391 d3d_create_bitmap                [   0,22500] Chose bitmap format 9
dtor     D               dtor.c:196  _al_register_destructor          [   0,22526] added dtor for bitmap 07B0B128, func 7A9217D0
stdio    D         file_stdio.c:110  file_stdio_fopen                 [   0,22609] opening img/base-foods.png rb
stdio    D         file_stdio.c:110  file_stdio_fopen                 [   0,22649] opening img/base-foods.png rb
d3d      D         d3d_disp.cpp:1202 real_choose_bitmap_format        [   0,22703] Fake format
d3d      D         d3d_disp.cpp:1202 real_choose_bitmap_format        [   0,22734] Fake format
d3d      D         d3d_disp.cpp:1202 real_choose_bitmap_format        [   0,22779] Fake format
d3d      D         d3d_disp.cpp:1202 real_choose_bitmap_format        [   0,22814] Fake format
d3d      D         d3d_disp.cpp:1202 real_choose_bitmap_format        [   0,22860] Fake format
d3d      D         d3d_disp.cpp:1202 real_choose_bitmap_format        [   0,22874] Fake format
d3d      D         d3d_disp.cpp:1202 real_choose_bitmap_format        [   0,22900] Fake format
d3d      D         d3d_disp.cpp:1202 real_choose_bitmap_format        [   0,22913] Fake format
d3d      D         d3d_disp.cpp:1202 real_choose_bitmap_format        [   0,22925] Fake format
d3d      D         d3d_disp.cpp:1210 real_choose_bitmap_format        [   0,22937] Alpha doesn't match
d3d      D         d3d_disp.cpp:1217 real_choose_bitmap_format        [   0,22950] Adapter format is 23
d3d      D         d3d_disp.cpp:1220 real_choose_bitmap_format        [   0,22961] Found a format
d3d      I         d3d_disp.cpp:2391 d3d_create_bitmap                [   0,22972] Chose bitmap format 9
dtor     D               dtor.c:196  _al_register_destructor          [   0,23089] added dtor for bitmap 07B153B8, func 7A9217D0
stdio    D         file_stdio.c:110  file_stdio_fopen                 [   0,23582] opening img/fundo_op.png rb
stdio    D         file_stdio.c:110  file_stdio_fopen                 [   0,23858] opening img/fundo_op.png rb
d3d      D         d3d_disp.cpp:1202 real_choose_bitmap_format        [   0,24040] Fake format
d3d      D         d3d_disp.cpp:1202 real_choose_bitmap_format        [   0,24798] Fake format
d3d      D         d3d_disp.cpp:1202 real_choose_bitmap_format        [   0,24833] Fake format
d3d      D         d3d_disp.cpp:1202 real_choose_bitmap_format        [   0,25202] Fake format
d3d      D         d3d_disp.cpp:1202 real_choose_bitmap_format        [   0,25313] Fake format
d3d      D         d3d_disp.cpp:1202 real_choose_bitmap_format        [   0,25337] Fake format
d3d      D         d3d_disp.cpp:1202 real_choose_bitmap_format        [   0,25427] Fake format
d3d      D         d3d_disp.cpp:1202 real_choose_bitmap_format        [   0,25764] Fake format
d3d      D         d3d_disp.cpp:1202 real_choose_bitmap_format        [   0,25785] Fake format
d3d      D         d3d_disp.cpp:1210 real_choose_bitmap_format        [   0,25799] Alpha doesn't match
d3d      D         d3d_disp.cpp:1217 real_choose_bitmap_format        [   0,25814] Adapter format is 23
d3d      D         d3d_disp.cpp:1220 real_choose_bitmap_format        [   0,25828] Found a format
d3d      I         d3d_disp.cpp:2391 d3d_create_bitmap                [   0,25842] Chose bitmap format 9
dtor     D               dtor.c:196  _al_register_destructor          [   0,25962] added dtor for bitmap 082A7998, func 7A9217D0
stdio    D         file_stdio.c:110  file_stdio_fopen                 [   0,29602] opening img/fundo_menu.png rb
stdio    D         file_stdio.c:110  file_stdio_fopen                 [   0,29646] opening img/fundo_menu.png rb
d3d      D         d3d_disp.cpp:1202 real_choose_bitmap_format        [   0,29714] Fake format
d3d      D         d3d_disp.cpp:1202 real_choose_bitmap_format        [   0,29730] Fake format
d3d      D         d3d_disp.cpp:1202 real_choose_bitmap_format        [   0,29741] Fake format
d3d      D         d3d_disp.cpp:1202 real_choose_bitmap_format        [   0,29753] Fake format
d3d      D         d3d_disp.cpp:1202 real_choose_bitmap_format        [   0,29765] Fake format
d3d      D         d3d_disp.cpp:1202 real_choose_bitmap_format        [   0,29778] Fake format
d3d      D         d3d_disp.cpp:1202 real_choose_bitmap_format        [   0,29790] Fake format
d3d      D         d3d_disp.cpp:1202 real_choose_bitmap_format        [   0,29803] Fake format
d3d      D         d3d_disp.cpp:1202 real_choose_bitmap_format        [   0,29813] Fake format
d3d      D         d3d_disp.cpp:1210 real_choose_bitmap_format        [   0,29824] Alpha doesn't match
d3d      D         d3d_disp.cpp:1217 real_choose_bitmap_format        [   0,29838] Adapter format is 23
d3d      D         d3d_disp.cpp:1220 real_choose_bitmap_format        [   0,29850] Found a format
d3d      I         d3d_disp.cpp:2391 d3d_create_bitmap                [   0,29862] Chose bitmap format 9
dtor     D               dtor.c:196  _al_register_destructor          [   0,29937] added dtor for bitmap 07B158D0, func 7A9217D0
stdio    D         file_stdio.c:110  file_stdio_fopen                 [   0,32450] opening img/logo-menu.png rb
stdio    D         file_stdio.c:110  file_stdio_fopen                 [   0,32485] opening img/logo-menu.png rb
d3d      D         d3d_disp.cpp:1202 real_choose_bitmap_format        [   0,32508] Fake format
d3d      D         d3d_disp.cpp:1202 real_choose_bitmap_format        [   0,32535] Fake format
d3d      D         d3d_disp.cpp:1202 real_choose_bitmap_format        [   0,32547] Fake format
d3d      D         d3d_disp.cpp:1202 real_choose_bitmap_format        [   0,32562] Fake format
d3d      D         d3d_disp.cpp:1202 real_choose_bitmap_format        [   0,32591] Fake format
d3d      D         d3d_disp.cpp:1202 real_choose_bitmap_format        [   0,32620] Fake format
d3d      D         d3d_disp.cpp:1202 real_choose_bitmap_format        [   0,32659] Fake format
d3d      D         d3d_disp.cpp:1202 real_choose_bitmap_format        [   0,32711] Fake format
d3d      D         d3d_disp.cpp:1202 real_choose_bitmap_format        [   0,32730] Fake format
d3d      D         d3d_disp.cpp:1210 real_choose_bitmap_format        [   0,32825] Alpha doesn't match
d3d      D         d3d_disp.cpp:1217 real_choose_bitmap_format        [   0,32905] Adapter format is 23
d3d      D         d3d_disp.cpp:1220 real_choose_bitmap_format        [   0,32924] Found a format
d3d      I         d3d_disp.cpp:2391 d3d_create_bitmap                [   0,32940] Chose bitmap format 9
dtor     D               dtor.c:196  _al_register_destructor          [   0,33036] added dtor for bitmap 082A6FD8, func 7A9217D0
stdio    D         file_stdio.c:110  file_stdio_fopen                 [   0,33587] opening img/tutorial.png rb
stdio    D         file_stdio.c:110  file_stdio_fopen                 [   0,33658] opening img/tutorial.png rb
d3d      D         d3d_disp.cpp:1202 real_choose_bitmap_format        [   0,33713] Fake format
d3d      D         d3d_disp.cpp:1202 real_choose_bitmap_format        [   0,33726] Fake format
d3d      D         d3d_disp.cpp:1202 real_choose_bitmap_format        [   0,33740] Fake format
d3d      D         d3d_disp.cpp:1202 real_choose_bitmap_format        [   0,33751] Fake format
d3d      D         d3d_disp.cpp:1202 real_choose_bitmap_format        [   0,33763] Fake format
d3d      D         d3d_disp.cpp:1202 real_choose_bitmap_format        [   0,33773] Fake format
d3d      D         d3d_disp.cpp:1202 real_choose_bitmap_format        [   0,33785] Fake format
d3d      D         d3d_disp.cpp:1202 real_choose_bitmap_format        [   0,33796] Fake format
d3d      D         d3d_disp.cpp:1202 real_choose_bitmap_format        [   0,33808] Fake format
d3d      D         d3d_disp.cpp:1210 real_choose_bitmap_format        [   0,33818] Alpha doesn't match
d3d      D         d3d_disp.cpp:1217 real_choose_bitmap_format        [   0,33829] Adapter format is 23
d3d      D         d3d_disp.cpp:1220 real_choose_bitmap_format        [   0,33840] Found a format
d3d      I         d3d_disp.cpp:2391 d3d_create_bitmap                [   0,33852] Chose bitmap format 9
dtor     D               dtor.c:196  _al_register_destructor          [   0,33924] added dtor for bitmap 082A6CF0, func 7A9217D0
stdio    D         file_stdio.c:110  file_stdio_fopen                 [   0,35693] opening img/popup-highscore.png rb
stdio    D         file_stdio.c:110  file_stdio_fopen                 [   0,35753] opening img/popup-highscore.png rb
d3d      D         d3d_disp.cpp:1202 real_choose_bitmap_format        [   0,35780] Fake format
d3d      D         d3d_disp.cpp:1202 real_choose_bitmap_format        [   0,35792] Fake format
d3d      D         d3d_disp.cpp:1202 real_choose_bitmap_format        [   0,35803] Fake format
d3d      D         d3d_disp.cpp:1202 real_choose_bitmap_format        [   0,35814] Fake format
d3d      D         d3d_disp.cpp:1202 real_choose_bitmap_format        [   0,35825] Fake format
d3d      D         d3d_disp.cpp:1202 real_choose_bitmap_format        [   0,35835] Fake format
d3d      D         d3d_disp.cpp:1202 real_choose_bitmap_format        [   0,35846] Fake format
d3d      D         d3d_disp.cpp:1202 real_choose_bitmap_format        [   0,35860] Fake format
d3d      D         d3d_disp.cpp:1202 real_choose_bitmap_format        [   0,35870] Fake format
d3d      D         d3d_disp.cpp:1210 real_choose_bitmap_format        [   0,35881] Alpha doesn't match
d3d      D         d3d_disp.cpp:1217 real_choose_bitmap_format        [   0,35891] Adapter format is 23
d3d      D         d3d_disp.cpp:1220 real_choose_bitmap_format        [   0,35904] Found a format
d3d      I         d3d_disp.cpp:2391 d3d_create_bitmap                [   0,35918] Chose bitmap format 9
dtor     D               dtor.c:196  _al_register_destructor          [   0,35977] added dtor for bitmap 082A6AF0, func 7A9217D0
stdio    D         file_stdio.c:110  file_stdio_fopen                 [   0,37529] opening img/btn-comecar.png rb
stdio    D         file_stdio.c:110  file_stdio_fopen                 [   0,37573] opening img/btn-comecar.png rb
d3d      D         d3d_disp.cpp:1202 real_choose_bitmap_format        [   0,37605] Fake format
d3d      D         d3d_disp.cpp:1202 real_choose_bitmap_format        [   0,37618] Fake format
d3d      D         d3d_disp.cpp:1202 real_choose_bitmap_format        [   0,37637] Fake format
d3d      D         d3d_disp.cpp:1202 real_choose_bitmap_format        [   0,37722] Fake format
d3d      D         d3d_disp.cpp:1202 real_choose_bitmap_format        [   0,37738] Fake format
d3d      D         d3d_disp.cpp:1202 real_choose_bitmap_format        [   0,37755] Fake format
d3d      D         d3d_disp.cpp:1202 real_choose_bitmap_format        [   0,37766] Fake format
d3d      D         d3d_disp.cpp:1202 real_choose_bitmap_format        [   0,37779] Fake format
d3d      D         d3d_disp.cpp:1202 real_choose_bitmap_format        [   0,37791] Fake format
d3d      D         d3d_disp.cpp:1210 real_choose_bitmap_format        [   0,37806] Alpha doesn't match
d3d      D         d3d_disp.cpp:1217 real_choose_bitmap_format        [   0,37848] Adapter format is 23
d3d      D         d3d_disp.cpp:1220 real_choose_bitmap_format        [   0,37875] Found a format
d3d      I         d3d_disp.cpp:2391 d3d_create_bitmap                [   0,37919] Chose bitmap format 9
dtor     D               dtor.c:196  _al_register_destructor          [   0,37986] added dtor for bitmap 082A7178, func 7A9217D0
stdio    D         file_stdio.c:110  file_stdio_fopen                 [   0,38278] opening img/btn-highscore.png rb
stdio    D         file_stdio.c:110  file_stdio_fopen                 [   0,38321] opening img/btn-highscore.png rb
d3d      D         d3d_disp.cpp:1202 real_choose_bitmap_format        [   0,38350] Fake format
d3d      D         d3d_disp.cpp:1202 real_choose_bitmap_format        [   0,38364] Fake format
d3d      D         d3d_disp.cpp:1202 real_choose_bitmap_format        [   0,38382] Fake format
d3d      D         d3d_disp.cpp:1202 real_choose_bitmap_format        [   0,38395] Fake format
d3d      D         d3d_disp.cpp:1202 real_choose_bitmap_format        [   0,38413] Fake format
d3d      D         d3d_disp.cpp:1202 real_choose_bitmap_format        [   0,38427] Fake format
d3d      D         d3d_disp.cpp:1202 real_choose_bitmap_format        [   0,38439] Fake format
d3d      D         d3d_disp.cpp:1202 real_choose_bitmap_format        [   0,38452] Fake format
d3d      D         d3d_disp.cpp:1202 real_choose_bitmap_format        [   0,38464] Fake format
d3d      D         d3d_disp.cpp:1210 real_choose_bitmap_format        [   0,38474] Alpha doesn't match
d3d      D         d3d_disp.cpp:1217 real_choose_bitmap_format        [   0,38485] Adapter format is 23
d3d      D         d3d_disp.cpp:1220 real_choose_bitmap_format        [   0,38500] Found a format
d3d      I         d3d_disp.cpp:2391 d3d_create_bitmap                [   0,38513] Chose bitmap format 9
dtor     D               dtor.c:196  _al_register_destructor          [   0,38544] added dtor for bitmap 082A7668, func 7A9217D0
stdio    D         file_stdio.c:110  file_stdio_fopen                 [   0,38619] opening img/btn-musica.png rb
stdio    D         file_stdio.c:110  file_stdio_fopen                 [   0,38652] opening img/btn-musica.png rb
d3d      D         d3d_disp.cpp:1202 real_choose_bitmap_format        [   0,38699] Fake format
d3d      D         d3d_disp.cpp:1202 real_choose_bitmap_format        [   0,38721] Fake format
d3d      D         d3d_disp.cpp:1202 real_choose_bitmap_format        [   0,38734] Fake format
d3d      D         d3d_disp.cpp:1202 real_choose_bitmap_format        [   0,38745] Fake format
d3d      D         d3d_disp.cpp:1202 real_choose_bitmap_format        [   0,38756] Fake format
d3d      D         d3d_disp.cpp:1202 real_choose_bitmap_format        [   0,38767] Fake format
d3d      D         d3d_disp.cpp:1202 real_choose_bitmap_format        [   0,38779] Fake format
d3d      D         d3d_disp.cpp:1202 real_choose_bitmap_format        [   0,38792] Fake format
d3d      D         d3d_disp.cpp:1202 real_choose_bitmap_format        [   0,38808] Fake format
d3d      D         d3d_disp.cpp:1210 real_choose_bitmap_format        [   0,38822] Alpha doesn't match
d3d      D         d3d_disp.cpp:1217 real_choose_bitmap_format        [   0,38834] Adapter format is 23
d3d      D         d3d_disp.cpp:1220 real_choose_bitmap_format        [   0,38851] Found a format
d3d      I         d3d_disp.cpp:2391 d3d_create_bitmap                [   0,38862] Chose bitmap format 9
dtor     D               dtor.c:196  _al_register_destructor          [   0,38900] added dtor for bitmap 082A6048, func 7A9217D0
stdio    D         file_stdio.c:110  file_stdio_fopen                 [   0,38948] opening img/btn-avancar.png rb
stdio    D         file_stdio.c:110  file_stdio_fopen                 [   0,38980] opening img/btn-avancar.png rb
d3d      D         d3d_disp.cpp:1202 real_choose_bitmap_format        [   0,39003] Fake format
d3d      D         d3d_disp.cpp:1202 real_choose_bitmap_format        [   0,39013] Fake format
d3d      D         d3d_disp.cpp:1202 real_choose_bitmap_format        [   0,39025] Fake format
d3d      D         d3d_disp.cpp:1202 real_choose_bitmap_format        [   0,39035] Fake format
d3d      D         d3d_disp.cpp:1202 real_choose_bitmap_format        [   0,39047] Fake format
d3d      D         d3d_disp.cpp:1202 real_choose_bitmap_format        [   0,39058] Fake format
d3d      D         d3d_disp.cpp:1202 real_choose_bitmap_format        [   0,39069] Fake format
d3d      D         d3d_disp.cpp:1202 real_choose_bitmap_format        [   0,39079] Fake format
d3d      D         d3d_disp.cpp:1202 real_choose_bitmap_format        [   0,39090] Fake format
d3d      D         d3d_disp.cpp:1210 real_choose_bitmap_format        [   0,39102] Alpha doesn't match
d3d      D         d3d_disp.cpp:1217 real_choose_bitmap_format        [   0,39112] Adapter format is 23
d3d      D         d3d_disp.cpp:1220 real_choose_bitmap_format        [   0,39124] Found a format
d3d      I         d3d_disp.cpp:2391 d3d_create_bitmap                [   0,39135] Chose bitmap format 9
dtor     D               dtor.c:196  _al_register_destructor          [   0,39175] added dtor for bitmap 082A65F0, func 7A9217D0
stdio    D         file_stdio.c:110  file_stdio_fopen                 [   0,39238] opening img/op-soma.png rb
stdio    D         file_stdio.c:110  file_stdio_fopen                 [   0,39312] opening img/op-soma.png rb
d3d      D         d3d_disp.cpp:1202 real_choose_bitmap_format        [   0,39407] Fake format
d3d      D         d3d_disp.cpp:1202 real_choose_bitmap_format        [   0,39463] Fake format
d3d      D         d3d_disp.cpp:1202 real_choose_bitmap_format        [   0,39509] Fake format
d3d      D         d3d_disp.cpp:1202 real_choose_bitmap_format        [   0,39535] Fake format
d3d      D         d3d_disp.cpp:1202 real_choose_bitmap_format        [   0,39549] Fake format
d3d      D         d3d_disp.cpp:1202 real_choose_bitmap_format        [   0,39605] Fake format
d3d      D         d3d_disp.cpp:1202 real_choose_bitmap_format        [   0,39648] Fake format
d3d      D         d3d_disp.cpp:1202 real_choose_bitmap_format        [   0,39705] Fake format
d3d      D         d3d_disp.cpp:1202 real_choose_bitmap_format        [   0,39737] Fake format
d3d      D         d3d_disp.cpp:1210 real_choose_bitmap_format        [   0,39752] Alpha doesn't match
d3d      D         d3d_disp.cpp:1217 real_choose_bitmap_format        [   0,39770] Adapter format is 23
d3d      D         d3d_disp.cpp:1220 real_choose_bitmap_format        [   0,39781] Found a format
d3d      I         d3d_disp.cpp:2391 d3d_create_bitmap                [   0,39793] Chose bitmap format 9
dtor     D               dtor.c:196  _al_register_destructor          [   0,39867] added dtor for bitmap 082A7318, func 7A9217D0
stdio    D         file_stdio.c:110  file_stdio_fopen                 [   0,40060] opening img/op-sub.png rb
stdio    D         file_stdio.c:110  file_stdio_fopen                 [   0,40093] opening img/op-sub.png rb
d3d      D         d3d_disp.cpp:1202 real_choose_bitmap_format        [   0,40119] Fake format
d3d      D         d3d_disp.cpp:1202 real_choose_bitmap_format        [   0,40131] Fake format
d3d      D         d3d_disp.cpp:1202 real_choose_bitmap_format        [   0,40144] Fake format
d3d      D         d3d_disp.cpp:1202 real_choose_bitmap_format        [   0,40155] Fake format
d3d      D         d3d_disp.cpp:1202 real_choose_bitmap_format        [   0,40166] Fake format
d3d      D         d3d_disp.cpp:1202 real_choose_bitmap_format        [   0,40176] Fake format
d3d      D         d3d_disp.cpp:1202 real_choose_bitmap_format        [   0,40187] Fake format
d3d      D         d3d_disp.cpp:1202 real_choose_bitmap_format        [   0,40198] Fake format
d3d      D         d3d_disp.cpp:1202 real_choose_bitmap_format        [   0,40209] Fake format
d3d      D         d3d_disp.cpp:1210 real_choose_bitmap_format        [   0,40220] Alpha doesn't match
d3d      D         d3d_disp.cpp:1217 real_choose_bitmap_format        [   0,40231] Adapter format is 23
d3d      D         d3d_disp.cpp:1220 real_choose_bitmap_format        [   0,40243] Found a format
d3d      I         d3d_disp.cpp:2391 d3d_create_bitmap                [   0,40254] Chose bitmap format 9
dtor     D               dtor.c:196  _al_register_destructor          [   0,40306] added dtor for bitmap 082A74B8, func 7A9217D0
stdio    D         file_stdio.c:110  file_stdio_fopen                 [   0,40514] opening img/op-div.png rb
stdio    D         file_stdio.c:110  file_stdio_fopen                 [   0,40544] opening img/op-div.png rb
d3d      D         d3d_disp.cpp:1202 real_choose_bitmap_format        [   0,40569] Fake format
d3d      D         d3d_disp.cpp:1202 real_choose_bitmap_format        [   0,40581] Fake format
d3d      D         d3d_disp.cpp:1202 real_choose_bitmap_format        [   0,40592] Fake format
d3d      D         d3d_disp.cpp:1202 real_choose_bitmap_format        [   0,40602] Fake format
d3d      D         d3d_disp.cpp:1202 real_choose_bitmap_format        [   0,40614] Fake format
d3d      D         d3d_disp.cpp:1202 real_choose_bitmap_format        [   0,40625] Fake format
d3d      D         d3d_disp.cpp:1202 real_choose_bitmap_format        [   0,40635] Fake format
d3d      D         d3d_disp.cpp:1202 real_choose_bitmap_format        [   0,40647] Fake format
d3d      D         d3d_disp.cpp:1202 real_choose_bitmap_format        [   0,40684] Fake format
d3d      D         d3d_disp.cpp:1210 real_choose_bitmap_format        [   0,40707] Alpha doesn't match
d3d      D         d3d_disp.cpp:1217 real_choose_bitmap_format        [   0,40719] Adapter format is 23
d3d      D         d3d_disp.cpp:1220 real_choose_bitmap_format        [   0,40730] Found a format
d3d      I         d3d_disp.cpp:2391 d3d_create_bitmap                [   0,40742] Chose bitmap format 9
dtor     D               dtor.c:196  _al_register_destructor          [   0,40769] added dtor for bitmap 082A6790, func 7A9217D0
stdio    D         file_stdio.c:110  file_stdio_fopen                 [   0,41000] opening img/op-mult.png rb
stdio    D         file_stdio.c:110  file_stdio_fopen                 [   0,41046] opening img/op-mult.png rb
d3d      D         d3d_disp.cpp:1202 real_choose_bitmap_format        [   0,41082] Fake format
d3d      D         d3d_disp.cpp:1202 real_choose_bitmap_format        [   0,41102] Fake format
d3d      D         d3d_disp.cpp:1202 real_choose_bitmap_format        [   0,41114] Fake format
d3d      D         d3d_disp.cpp:1202 real_choose_bitmap_format        [   0,41128] Fake format
d3d      D         d3d_disp.cpp:1202 real_choose_bitmap_format        [   0,41163] Fake format
d3d      D         d3d_disp.cpp:1202 real_choose_bitmap_format        [   0,41231] Fake format
d3d      D         d3d_disp.cpp:1202 real_choose_bitmap_format        [   0,41289] Fake format
d3d      D         d3d_disp.cpp:1202 real_choose_bitmap_format        [   0,41334] Fake format
d3d      D         d3d_disp.cpp:1202 real_choose_bitmap_format        [   0,41347] Fake format
d3d      D         d3d_disp.cpp:1210 real_choose_bitmap_format        [   0,41360] Alpha doesn't match
d3d      D         d3d_disp.cpp:1217 real_choose_bitmap_format        [   0,41373] Adapter format is 23
d3d      D         d3d_disp.cpp:1220 real_choose_bitmap_format        [   0,41386] Found a format
d3d      I         d3d_disp.cpp:2391 d3d_create_bitmap                [   0,41397] Chose bitmap format 9
dtor     D               dtor.c:196  _al_register_destructor          [   0,41446] added dtor for bitmap 083C9EF0, func 7A9217D0
stdio    D         file_stdio.c:110  file_stdio_fopen                 [   0,41736] opening img/op-sair.png rb
stdio    D         file_stdio.c:110  file_stdio_fopen                 [   0,41768] opening img/op-sair.png rb
d3d      D         d3d_disp.cpp:1202 real_choose_bitmap_format        [   0,41793] Fake format
d3d      D         d3d_disp.cpp:1202 real_choose_bitmap_format        [   0,41805] Fake format
d3d      D         d3d_disp.cpp:1202 real_choose_bitmap_format        [   0,41816] Fake format
d3d      D         d3d_disp.cpp:1202 real_choose_bitmap_format        [   0,41827] Fake format
d3d      D         d3d_disp.cpp:1202 real_choose_bitmap_format        [   0,41838] Fake format
d3d      D         d3d_disp.cpp:1202 real_choose_bitmap_format        [   0,41849] Fake format
d3d      D         d3d_disp.cpp:1202 real_choose_bitmap_format        [   0,41859] Fake format
d3d      D         d3d_disp.cpp:1202 real_choose_bitmap_format        [   0,41870] Fake format
d3d      D         d3d_disp.cpp:1202 real_choose_bitmap_format        [   0,41881] Fake format
d3d      D         d3d_disp.cpp:1210 real_choose_bitmap_format        [   0,41893] Alpha doesn't match
d3d      D         d3d_disp.cpp:1217 real_choose_bitmap_format        [   0,41904] Adapter format is 23
d3d      D         d3d_disp.cpp:1220 real_choose_bitmap_format        [   0,41916] Found a format
d3d      I         d3d_disp.cpp:2391 d3d_create_bitmap                [   0,41927] Chose bitmap format 9
dtor     D               dtor.c:196  _al_register_destructor          [   0,41955] added dtor for bitmap 083C9D48, func 7A9217D0
d3d      D          d3d_bmp.cpp:539  _al_d3d_sync_bitmap              [   0,47171] _al_d3d_sync_bitmap (system) ref count == 1
d3d      D          d3d_bmp.cpp:545  _al_d3d_sync_bitmap              [   0,47260] _al_d3d_sync_bitmap (video) ref count == 1
d3d      D          d3d_bmp.cpp:539  _al_d3d_sync_bitmap              [   0,47408] _al_d3d_sync_bitmap (system) ref count == 1
d3d      D          d3d_bmp.cpp:545  _al_d3d_sync_bitmap              [   0,47437] _al_d3d_sync_bitmap (video) ref count == 1
d3d      D          d3d_bmp.cpp:539  _al_d3d_sync_bitmap              [   0,47579] _al_d3d_sync_bitmap (system) ref count == 1
d3d      D          d3d_bmp.cpp:545  _al_d3d_sync_bitmap              [   0,47623] _al_d3d_sync_bitmap (video) ref count == 1
d3d      D          d3d_bmp.cpp:539  _al_d3d_sync_bitmap              [   0,47833] _al_d3d_sync_bitmap (system) ref count == 1
d3d      D          d3d_bmp.cpp:545  _al_d3d_sync_bitmap              [   0,47854] _al_d3d_sync_bitmap (video) ref count == 1
d3d      D          d3d_bmp.cpp:539  _al_d3d_sync_bitmap              [   0,47989] _al_d3d_sync_bitmap (system) ref count == 1
d3d      D          d3d_bmp.cpp:545  _al_d3d_sync_bitmap              [   0,48008] _al_d3d_sync_bitmap (video) ref count == 1
d3d      D          d3d_bmp.cpp:539  _al_d3d_sync_bitmap              [   0,48374] _al_d3d_sync_bitmap (system) ref count == 1
d3d      D          d3d_bmp.cpp:545  _al_d3d_sync_bitmap              [   0,48422] _al_d3d_sync_bitmap (video) ref count == 1
d3d      D          d3d_bmp.cpp:539  _al_d3d_sync_bitmap              [   0,48838] _al_d3d_sync_bitmap (system) ref count == 1
d3d      D          d3d_bmp.cpp:545  _al_d3d_sync_bitmap              [   0,48926] _al_d3d_sync_bitmap (video) ref count == 1
d3d      D          d3d_bmp.cpp:539  _al_d3d_sync_bitmap              [   0,49094] _al_d3d_sync_bitmap (system) ref count == 1
d3d      D          d3d_bmp.cpp:545  _al_d3d_sync_bitmap              [   0,49147] _al_d3d_sync_bitmap (video) ref count == 1
d3d      D          d3d_bmp.cpp:539  _al_d3d_sync_bitmap              [   0,49547] _al_d3d_sync_bitmap (system) ref count == 1
d3d      D          d3d_bmp.cpp:545  _al_d3d_sync_bitmap              [   0,49571] _al_d3d_sync_bitmap (video) ref count == 1
d3d      D          d3d_bmp.cpp:539  _al_d3d_sync_bitmap              [   0,49918] _al_d3d_sync_bitmap (system) ref count == 1
d3d      D          d3d_bmp.cpp:545  _al_d3d_sync_bitmap              [   0,49944] _al_d3d_sync_bitmap (video) ref count == 1
d3d      D          d3d_bmp.cpp:539  _al_d3d_sync_bitmap              [   0,50061] _al_d3d_sync_bitmap (system) ref count == 1
d3d      D          d3d_bmp.cpp:545  _al_d3d_sync_bitmap              [   0,50097] _al_d3d_sync_bitmap (video) ref count == 1
d3d      D          d3d_bmp.cpp:539  _al_d3d_sync_bitmap              [   0,50179] _al_d3d_sync_bitmap (system) ref count == 1
d3d      D          d3d_bmp.cpp:545  _al_d3d_sync_bitmap              [   0,50217] _al_d3d_sync_bitmap (video) ref count == 1
d3d      D          d3d_bmp.cpp:539  _al_d3d_sync_bitmap              [   0,50328] _al_d3d_sync_bitmap (system) ref count == 1
d3d      D          d3d_bmp.cpp:545  _al_d3d_sync_bitmap              [   0,50347] _al_d3d_sync_bitmap (video) ref count == 1
d3d      D          d3d_bmp.cpp:539  _al_d3d_sync_bitmap              [   0,50433] _al_d3d_sync_bitmap (system) ref count == 1
d3d      D          d3d_bmp.cpp:545  _al_d3d_sync_bitmap              [   0,50452] _al_d3d_sync_bitmap (video) ref count == 1
d3d      D          d3d_bmp.cpp:539  _al_d3d_sync_bitmap              [   0,50547] _al_d3d_sync_bitmap (system) ref count == 1
d3d      D          d3d_bmp.cpp:545  _al_d3d_sync_bitmap              [   0,50570] _al_d3d_sync_bitmap (video) ref count == 1
d3d      D          d3d_bmp.cpp:539  _al_d3d_sync_bitmap              [   0,50683] _al_d3d_sync_bitmap (system) ref count == 1
d3d      D          d3d_bmp.cpp:545  _al_d3d_sync_bitmap              [   0,50708] _al_d3d_sync_bitmap (video) ref count == 1
d3d      D          d3d_bmp.cpp:539  _al_d3d_sync_bitmap              [   0,50827] _al_d3d_sync_bitmap (system) ref count == 1
d3d      D          d3d_bmp.cpp:545  _al_d3d_sync_bitmap              [   0,50858] _al_d3d_sync_bitmap (video) ref count == 1
d3d      D          d3d_bmp.cpp:539  _al_d3d_sync_bitmap              [   0,50990] _al_d3d_sync_bitmap (system) ref count == 1
d3d      D          d3d_bmp.cpp:545  _al_d3d_sync_bitmap              [   0,51061] _al_d3d_sync_bitmap (video) ref count == 1
stdio    D         file_stdio.c:110  file_stdio_fopen                 [   3,95160] opening img/timer.png rb
stdio    D         file_stdio.c:110  file_stdio_fopen                 [   3,95266] opening img/timer.png rb
d3d      D         d3d_disp.cpp:1202 real_choose_bitmap_format        [   3,95314] Fake format
d3d      D         d3d_disp.cpp:1202 real_choose_bitmap_format        [   3,95334] Fake format
d3d      D         d3d_disp.cpp:1202 real_choose_bitmap_format        [   3,95353] Fake format
d3d      D         d3d_disp.cpp:1202 real_choose_bitmap_format        [   3,95371] Fake format
d3d      D         d3d_disp.cpp:1202 real_choose_bitmap_format        [   3,95390] Fake format
d3d      D         d3d_disp.cpp:1202 real_choose_bitmap_format        [   3,95411] Fake format
d3d      D         d3d_disp.cpp:1202 real_choose_bitmap_format        [   3,95429] Fake format
d3d      D         d3d_disp.cpp:1202 real_choose_bitmap_format        [   3,95452] Fake format
d3d      D         d3d_disp.cpp:1202 real_choose_bitmap_format        [   3,95472] Fake format
d3d      D         d3d_disp.cpp:1210 real_choose_bitmap_format        [   3,95490] Alpha doesn't match
d3d      D         d3d_disp.cpp:1217 real_choose_bitmap_format        [   3,95508] Adapter format is 23
d3d      D         d3d_disp.cpp:1220 real_choose_bitmap_format        [   3,95526] Found a format
d3d      I         d3d_disp.cpp:2391 d3d_create_bitmap                [   3,95545] Chose bitmap format 9
dtor     D               dtor.c:196  _al_register_destructor          [   3,95589] added dtor for bitmap 083CA240, func 7A9217D0
stdio    D         file_stdio.c:110  file_stdio_fopen                 [   3,95644] opening img/base-foods.png rb
stdio    D         file_stdio.c:110  file_stdio_fopen                 [   3,95693] opening img/base-foods.png rb
d3d      D         d3d_disp.cpp:1202 real_choose_bitmap_format        [   3,95759] Fake format
d3d      D         d3d_disp.cpp:1202 real_choose_bitmap_format        [   3,95779] Fake format
d3d      D         d3d_disp.cpp:1202 real_choose_bitmap_format        [   3,95799] Fake format
d3d      D         d3d_disp.cpp:1202 real_choose_bitmap_format        [   3,95816] Fake format
d3d      D         d3d_disp.cpp:1202 real_choose_bitmap_format        [   3,95833] Fake format
d3d      D         d3d_disp.cpp:1202 real_choose_bitmap_format        [   3,95851] Fake format
d3d      D         d3d_disp.cpp:1202 real_choose_bitmap_format        [   3,95870] Fake format
d3d      D         d3d_disp.cpp:1202 real_choose_bitmap_format        [   3,95890] Fake format
d3d      D         d3d_disp.cpp:1202 real_choose_bitmap_format        [   3,95910] Fake format
d3d      D         d3d_disp.cpp:1210 real_choose_bitmap_format        [   3,95946] Alpha doesn't match
d3d      D         d3d_disp.cpp:1217 real_choose_bitmap_format        [   3,95965] Adapter format is 23
d3d      D         d3d_disp.cpp:1220 real_choose_bitmap_format        [   3,95984] Found a format
d3d      I         d3d_disp.cpp:2391 d3d_create_bitmap                [   3,96002] Chose bitmap format 9
dtor     D               dtor.c:196  _al_register_destructor          [   3,96095] added dtor for bitmap 083C9BA0, func 7A9217D0
stdio    D         file_stdio.c:110  file_stdio_fopen                 [   3,96507] opening img/fundo_op.png rb
stdio    D         file_stdio.c:110  file_stdio_fopen                 [   3,96557] opening img/fundo_op.png rb
d3d      D         d3d_disp.cpp:1202 real_choose_bitmap_format        [   3,96597] Fake format
d3d      D         d3d_disp.cpp:1202 real_choose_bitmap_format        [   3,96616] Fake format
d3d      D         d3d_disp.cpp:1202 real_choose_bitmap_format        [   3,96633] Fake format
d3d      D         d3d_disp.cpp:1202 real_choose_bitmap_format        [   3,96655] Fake format
d3d      D         d3d_disp.cpp:1202 real_choose_bitmap_format        [   3,96715] Fake format
d3d      D         d3d_disp.cpp:1202 real_choose_bitmap_format        [   3,96743] Fake format
d3d      D         d3d_disp.cpp:1202 real_choose_bitmap_format        [   3,96765] Fake format
d3d      D         d3d_disp.cpp:1202 real_choose_bitmap_format        [   3,96785] Fake format
d3d      D         d3d_disp.cpp:1202 real_choose_bitmap_format        [   3,96805] Fake format
d3d      D         d3d_disp.cpp:1210 real_choose_bitmap_format        [   3,96824] Alpha doesn't match
d3d      D         d3d_disp.cpp:1217 real_choose_bitmap_format        [   3,96844] Adapter format is 23
d3d      D         d3d_disp.cpp:1220 real_choose_bitmap_format        [   3,96867] Found a format
d3d      I         d3d_disp.cpp:2391 d3d_create_bitmap                [   3,96885] Chose bitmap format 9
dtor     D               dtor.c:196  _al_register_destructor          [   3,97010] added dtor for bitmap 083CA3E8, func 7A9217D0
d3d      D          d3d_bmp.cpp:539  _al_d3d_sync_bitmap              [   4,00316] _al_d3d_sync_bitmap (system) ref count == 1
d3d      D          d3d_bmp.cpp:545  _al_d3d_sync_bitmap              [   4,00340] _al_d3d_sync_bitmap (video) ref count == 1
d3d      D          d3d_bmp.cpp:539  _al_d3d_sync_bitmap              [   4,00568] _al_d3d_sync_bitmap (system) ref count == 1
d3d      D          d3d_bmp.cpp:545  _al_d3d_sync_bitmap              [   4,00593] _al_d3d_sync_bitmap (video) ref count == 1
d3d      D          d3d_bmp.cpp:539  _al_d3d_sync_bitmap              [   4,00737] _al_d3d_sync_bitmap (system) ref count == 1
d3d      D          d3d_bmp.cpp:545  _al_d3d_sync_bitmap              [   4,00756] _al_d3d_sync_bitmap (video) ref count == 1
