c:\users\carol\source\repos\mathchefv3\mathchefv3\debug\vc142.pdb
c:\users\carol\source\repos\mathchefv3\mathchefv3\debug\vc142.idb
c:\users\carol\source\repos\mathchefv3\mathchefv3\debug\main.obj
c:\users\carol\source\repos\mathchefv3\mathchefv3\debug\criarbotao.obj
c:\users\carol\source\repos\mathchefv3\mathchefv3\debug\setup.obj
c:\users\carol\source\repos\mathchefv3\mathchefv3\debug\event.obj
c:\users\carol\source\repos\mathchefv3\mathchefv3\debug\drawbuttons.obj
c:\users\carol\source\repos\mathchefv3\mathchefv3\debug\botaoselecionado.obj
c:\users\carol\source\repos\mathchefv3\mathchefv3\debug\manipularentrada.obj
c:\users\carol\source\repos\mathchefv3\mathchefv3\debug\inserelista.obj
c:\users\carol\source\repos\mathchefv3\mathchefv3\debug\imprimelista.obj
c:\users\carol\source\repos\mathchefv3\debug\mathchefv3.pdb
c:\users\carol\source\repos\mathchefv3\mathchefv3\debug\mathchefv3.tlog\cl.command.1.tlog
c:\users\carol\source\repos\mathchefv3\mathchefv3\debug\mathchefv3.tlog\cl.read.1.tlog
c:\users\carol\source\repos\mathchefv3\mathchefv3\debug\mathchefv3.tlog\cl.write.1.tlog
c:\users\carol\source\repos\mathchefv3\mathchefv3\debug\mathchefv3.tlog\link.12844-cvtres.read.1.tlog
c:\users\carol\source\repos\mathchefv3\mathchefv3\debug\mathchefv3.tlog\link.12844-cvtres.write.1.tlog
c:\users\carol\source\repos\mathchefv3\mathchefv3\debug\mathchefv3.tlog\link.12844-rc.read.1.tlog
c:\users\carol\source\repos\mathchefv3\mathchefv3\debug\mathchefv3.tlog\link.12844-rc.write.1.tlog
c:\users\carol\source\repos\mathchefv3\mathchefv3\debug\mathchefv3.tlog\link.12844.read.1.tlog
c:\users\carol\source\repos\mathchefv3\mathchefv3\debug\mathchefv3.tlog\link.12844.write.1.tlog
c:\users\carol\source\repos\mathchefv3\mathchefv3\debug\mathchefv3.tlog\link.command.1.tlog
c:\users\carol\source\repos\mathchefv3\mathchefv3\debug\mathchefv3.tlog\link.read.1.tlog
c:\users\carol\source\repos\mathchefv3\mathchefv3\debug\mathchefv3.tlog\link.write.1.tlog
