c:\users\carol\source\repos\mathchef v5.0\mathchef v5.0\debug\vc142.pdb
c:\users\carol\source\repos\mathchef v5.0\mathchef v5.0\debug\vc142.idb
c:\users\carol\source\repos\mathchef v5.0\mathchef v5.0\debug\main.obj
c:\users\carol\source\repos\mathchef v5.0\mathchef v5.0\debug\setup.obj
c:\users\carol\source\repos\mathchef v5.0\mathchef v5.0\debug\manipularentrada.obj
c:\users\carol\source\repos\mathchef v5.0\mathchef v5.0\debug\inserelista.obj
c:\users\carol\source\repos\mathchef v5.0\mathchef v5.0\debug\imprimelista.obj
c:\users\carol\source\repos\mathchef v5.0\mathchef v5.0\debug\event.obj
c:\users\carol\source\repos\mathchef v5.0\mathchef v5.0\debug\drawbuttons.obj
c:\users\carol\source\repos\mathchef v5.0\mathchef v5.0\debug\criarbotao.obj
c:\users\carol\source\repos\mathchef v5.0\mathchef v5.0\debug\botaoselecionado.obj
c:\users\carol\source\repos\mathchef v5.0\mathchef v5.0\debug\lista.obj
c:\users\carol\source\repos\mathchef v5.0\mathchef v5.0\debug\highscore.obj
c:\users\carol\source\repos\mathchef v5.0\debug\mathchef v5.0.exe
c:\users\carol\source\repos\mathchef v5.0\mathchef v5.0\debug\mathchef v5.0.ilk
c:\users\carol\source\repos\mathchef v5.0\debug\mathchef v5.0.pdb
c:\users\carol\source\repos\mathchef v5.0\mathchef v5.0\debug\mathchef v5.0.tlog\cl.command.1.tlog
c:\users\carol\source\repos\mathchef v5.0\mathchef v5.0\debug\mathchef v5.0.tlog\cl.read.1.tlog
c:\users\carol\source\repos\mathchef v5.0\mathchef v5.0\debug\mathchef v5.0.tlog\cl.write.1.tlog
c:\users\carol\source\repos\mathchef v5.0\mathchef v5.0\debug\mathchef v5.0.tlog\link.command.1.tlog
c:\users\carol\source\repos\mathchef v5.0\mathchef v5.0\debug\mathchef v5.0.tlog\link.read.1.tlog
c:\users\carol\source\repos\mathchef v5.0\mathchef v5.0\debug\mathchef v5.0.tlog\link.write.1.tlog
